INFO - 2024-12-28 08:33:16 --> Session: Class initialized using 'CodeIgniter\Session\Handlers\FileHandler' driver.
INFO - 2024-12-28 08:34:14 --> Session: Class initialized using 'CodeIgniter\Session\Handlers\FileHandler' driver.
CRITICAL - 2024-12-28 08:53:08 --> ErrorException: Trying to access array offset on value of type null
[Method: GET, Route: dokter/edit/1]
in APPPATH\Views\dokter\form_edit.php on line 17.
 1 APPPATH\Views\dokter\form_edit.php(17): CodeIgniter\Debug\Exceptions->errorHandler(2, 'Trying to access array offset on value of type null', 'C:\\xampp\\htdocs\\projek_atletika\\app\\Views\\dokter\\form_edit.php', 17)
 2 SYSTEMPATH\View\View.php(234): include('C:\\xampp\\htdocs\\projek_atletika\\app\\Views\\dokter\\form_edit.php')
 3 SYSTEMPATH\View\View.php(237): CodeIgniter\View\View->CodeIgniter\View\{closure}()
 4 SYSTEMPATH\Common.php(1171): CodeIgniter\View\View->render('dokter/form_edit', [], true)
 5 APPPATH\Controllers\Dokter.php(73): view('dokter/form_edit', [...])
 6 SYSTEMPATH\CodeIgniter.php(933): App\Controllers\Dokter->edit('1')
 7 SYSTEMPATH\CodeIgniter.php(509): CodeIgniter\CodeIgniter->runController(Object(App\Controllers\Dokter))
 8 SYSTEMPATH\CodeIgniter.php(355): CodeIgniter\CodeIgniter->handleRequest(null, Object(Config\Cache), false)
 9 SYSTEMPATH\Boot.php(325): CodeIgniter\CodeIgniter->run()
10 SYSTEMPATH\Boot.php(67): CodeIgniter\Boot::runCodeIgniter(Object(CodeIgniter\CodeIgniter))
11 FCPATH\index.php(56): CodeIgniter\Boot::bootWeb(Object(Config\Paths))
12 SYSTEMPATH\rewrite.php(44): require_once('C:\\xampp\\htdocs\\projek_atletika\\public\\index.php')
CRITICAL - 2024-12-28 08:53:45 --> ErrorException: Trying to access array offset on value of type null
[Method: GET, Route: dokter/edit/1]
in APPPATH\Views\dokter\form_edit.php on line 17.
 1 APPPATH\Views\dokter\form_edit.php(17): CodeIgniter\Debug\Exceptions->errorHandler(2, 'Trying to access array offset on value of type null', 'C:\\xampp\\htdocs\\projek_atletika\\app\\Views\\dokter\\form_edit.php', 17)
 2 SYSTEMPATH\View\View.php(234): include('C:\\xampp\\htdocs\\projek_atletika\\app\\Views\\dokter\\form_edit.php')
 3 SYSTEMPATH\View\View.php(237): CodeIgniter\View\View->CodeIgniter\View\{closure}()
 4 SYSTEMPATH\Common.php(1171): CodeIgniter\View\View->render('dokter/form_edit', [], true)
 5 APPPATH\Controllers\Dokter.php(73): view('dokter/form_edit', [...])
 6 SYSTEMPATH\CodeIgniter.php(933): App\Controllers\Dokter->edit('1')
 7 SYSTEMPATH\CodeIgniter.php(509): CodeIgniter\CodeIgniter->runController(Object(App\Controllers\Dokter))
 8 SYSTEMPATH\CodeIgniter.php(355): CodeIgniter\CodeIgniter->handleRequest(null, Object(Config\Cache), false)
 9 SYSTEMPATH\Boot.php(325): CodeIgniter\CodeIgniter->run()
10 SYSTEMPATH\Boot.php(67): CodeIgniter\Boot::runCodeIgniter(Object(CodeIgniter\CodeIgniter))
11 FCPATH\index.php(56): CodeIgniter\Boot::bootWeb(Object(Config\Paths))
12 SYSTEMPATH\rewrite.php(44): require_once('C:\\xampp\\htdocs\\projek_atletika\\public\\index.php')
CRITICAL - 2024-12-28 08:54:05 --> ErrorException: Trying to access array offset on value of type null
[Method: GET, Route: dokter/edit/2]
in APPPATH\Views\dokter\form_edit.php on line 17.
 1 APPPATH\Views\dokter\form_edit.php(17): CodeIgniter\Debug\Exceptions->errorHandler(2, 'Trying to access array offset on value of type null', 'C:\\xampp\\htdocs\\projek_atletika\\app\\Views\\dokter\\form_edit.php', 17)
 2 SYSTEMPATH\View\View.php(234): include('C:\\xampp\\htdocs\\projek_atletika\\app\\Views\\dokter\\form_edit.php')
 3 SYSTEMPATH\View\View.php(237): CodeIgniter\View\View->CodeIgniter\View\{closure}()
 4 SYSTEMPATH\Common.php(1171): CodeIgniter\View\View->render('dokter/form_edit', [], true)
 5 APPPATH\Controllers\Dokter.php(73): view('dokter/form_edit', [...])
 6 SYSTEMPATH\CodeIgniter.php(933): App\Controllers\Dokter->edit('2')
 7 SYSTEMPATH\CodeIgniter.php(509): CodeIgniter\CodeIgniter->runController(Object(App\Controllers\Dokter))
 8 SYSTEMPATH\CodeIgniter.php(355): CodeIgniter\CodeIgniter->handleRequest(null, Object(Config\Cache), false)
 9 SYSTEMPATH\Boot.php(325): CodeIgniter\CodeIgniter->run()
10 SYSTEMPATH\Boot.php(67): CodeIgniter\Boot::runCodeIgniter(Object(CodeIgniter\CodeIgniter))
11 FCPATH\index.php(56): CodeIgniter\Boot::bootWeb(Object(Config\Paths))
12 SYSTEMPATH\rewrite.php(44): require_once('C:\\xampp\\htdocs\\projek_atletika\\public\\index.php')
CRITICAL - 2024-12-28 08:54:53 --> ErrorException: Trying to access array offset on value of type null
[Method: GET, Route: dokter/edit/assets/demo/chart-area-demo.js]
in APPPATH\Views\dokter\form_edit.php on line 17.
 1 APPPATH\Views\dokter\form_edit.php(17): CodeIgniter\Debug\Exceptions->errorHandler(2, 'Trying to access array offset on value of type null', 'C:\\xampp\\htdocs\\projek_atletika\\app\\Views\\dokter\\form_edit.php', 17)
 2 SYSTEMPATH\View\View.php(234): include('C:\\xampp\\htdocs\\projek_atletika\\app\\Views\\dokter\\form_edit.php')
 3 SYSTEMPATH\View\View.php(237): CodeIgniter\View\View->CodeIgniter\View\{closure}()
 4 SYSTEMPATH\Common.php(1171): CodeIgniter\View\View->render('dokter/form_edit', [], true)
 5 APPPATH\Controllers\Dokter.php(73): view('dokter/form_edit', [...])
 6 SYSTEMPATH\CodeIgniter.php(933): App\Controllers\Dokter->edit('assets', 'demo', 'chart-area-demo.js')
 7 SYSTEMPATH\CodeIgniter.php(509): CodeIgniter\CodeIgniter->runController(Object(App\Controllers\Dokter))
 8 SYSTEMPATH\CodeIgniter.php(355): CodeIgniter\CodeIgniter->handleRequest(null, Object(Config\Cache), false)
 9 SYSTEMPATH\Boot.php(325): CodeIgniter\CodeIgniter->run()
10 SYSTEMPATH\Boot.php(67): CodeIgniter\Boot::runCodeIgniter(Object(CodeIgniter\CodeIgniter))
11 FCPATH\index.php(56): CodeIgniter\Boot::bootWeb(Object(Config\Paths))
12 SYSTEMPATH\rewrite.php(44): require_once('C:\\xampp\\htdocs\\projek_atletika\\public\\index.php')
CRITICAL - 2024-12-28 08:55:06 --> ErrorException: Trying to access array offset on value of type null
[Method: GET, Route: dokter/edit/1]
in APPPATH\Views\dokter\form_edit.php on line 17.
 1 APPPATH\Views\dokter\form_edit.php(17): CodeIgniter\Debug\Exceptions->errorHandler(2, 'Trying to access array offset on value of type null', 'C:\\xampp\\htdocs\\projek_atletika\\app\\Views\\dokter\\form_edit.php', 17)
 2 SYSTEMPATH\View\View.php(234): include('C:\\xampp\\htdocs\\projek_atletika\\app\\Views\\dokter\\form_edit.php')
 3 SYSTEMPATH\View\View.php(237): CodeIgniter\View\View->CodeIgniter\View\{closure}()
 4 SYSTEMPATH\Common.php(1171): CodeIgniter\View\View->render('dokter/form_edit', [], true)
 5 APPPATH\Controllers\Dokter.php(73): view('dokter/form_edit', [...])
 6 SYSTEMPATH\CodeIgniter.php(933): App\Controllers\Dokter->edit('1')
 7 SYSTEMPATH\CodeIgniter.php(509): CodeIgniter\CodeIgniter->runController(Object(App\Controllers\Dokter))
 8 SYSTEMPATH\CodeIgniter.php(355): CodeIgniter\CodeIgniter->handleRequest(null, Object(Config\Cache), false)
 9 SYSTEMPATH\Boot.php(325): CodeIgniter\CodeIgniter->run()
10 SYSTEMPATH\Boot.php(67): CodeIgniter\Boot::runCodeIgniter(Object(CodeIgniter\CodeIgniter))
11 FCPATH\index.php(56): CodeIgniter\Boot::bootWeb(Object(Config\Paths))
12 SYSTEMPATH\rewrite.php(44): require_once('C:\\xampp\\htdocs\\projek_atletika\\public\\index.php')
CRITICAL - 2024-12-28 08:55:32 --> ErrorException: Trying to access array offset on value of type null
[Method: GET, Route: dokter/edit/1]
in APPPATH\Views\dokter\form_edit.php on line 17.
 1 APPPATH\Views\dokter\form_edit.php(17): CodeIgniter\Debug\Exceptions->errorHandler(2, 'Trying to access array offset on value of type null', 'C:\\xampp\\htdocs\\projek_atletika\\app\\Views\\dokter\\form_edit.php', 17)
 2 SYSTEMPATH\View\View.php(234): include('C:\\xampp\\htdocs\\projek_atletika\\app\\Views\\dokter\\form_edit.php')
 3 SYSTEMPATH\View\View.php(237): CodeIgniter\View\View->CodeIgniter\View\{closure}()
 4 SYSTEMPATH\Common.php(1171): CodeIgniter\View\View->render('dokter/form_edit', [], true)
 5 APPPATH\Controllers\Dokter.php(73): view('dokter/form_edit', [...])
 6 SYSTEMPATH\CodeIgniter.php(933): App\Controllers\Dokter->edit('1')
 7 SYSTEMPATH\CodeIgniter.php(509): CodeIgniter\CodeIgniter->runController(Object(App\Controllers\Dokter))
 8 SYSTEMPATH\CodeIgniter.php(355): CodeIgniter\CodeIgniter->handleRequest(null, Object(Config\Cache), false)
 9 SYSTEMPATH\Boot.php(325): CodeIgniter\CodeIgniter->run()
10 SYSTEMPATH\Boot.php(67): CodeIgniter\Boot::runCodeIgniter(Object(CodeIgniter\CodeIgniter))
11 FCPATH\index.php(56): CodeIgniter\Boot::bootWeb(Object(Config\Paths))
12 SYSTEMPATH\rewrite.php(44): require_once('C:\\xampp\\htdocs\\projek_atletika\\public\\index.php')
CRITICAL - 2024-12-28 08:56:22 --> ErrorException: Trying to access array offset on value of type null
[Method: GET, Route: dokter/edit/1]
in APPPATH\Views\dokter\form_edit.php on line 17.
 1 APPPATH\Views\dokter\form_edit.php(17): CodeIgniter\Debug\Exceptions->errorHandler(2, 'Trying to access array offset on value of type null', 'C:\\xampp\\htdocs\\projek_atletika\\app\\Views\\dokter\\form_edit.php', 17)
 2 SYSTEMPATH\View\View.php(234): include('C:\\xampp\\htdocs\\projek_atletika\\app\\Views\\dokter\\form_edit.php')
 3 SYSTEMPATH\View\View.php(237): CodeIgniter\View\View->CodeIgniter\View\{closure}()
 4 SYSTEMPATH\Common.php(1171): CodeIgniter\View\View->render('dokter/form_edit', [], true)
 5 APPPATH\Controllers\Dokter.php(73): view('dokter/form_edit', [...])
 6 SYSTEMPATH\CodeIgniter.php(933): App\Controllers\Dokter->edit('1')
 7 SYSTEMPATH\CodeIgniter.php(509): CodeIgniter\CodeIgniter->runController(Object(App\Controllers\Dokter))
 8 SYSTEMPATH\CodeIgniter.php(355): CodeIgniter\CodeIgniter->handleRequest(null, Object(Config\Cache), false)
 9 SYSTEMPATH\Boot.php(325): CodeIgniter\CodeIgniter->run()
10 SYSTEMPATH\Boot.php(67): CodeIgniter\Boot::runCodeIgniter(Object(CodeIgniter\CodeIgniter))
11 FCPATH\index.php(56): CodeIgniter\Boot::bootWeb(Object(Config\Paths))
12 SYSTEMPATH\rewrite.php(44): require_once('C:\\xampp\\htdocs\\projek_atletika\\public\\index.php')
CRITICAL - 2024-12-28 08:57:22 --> ErrorException: Trying to access array offset on value of type null
[Method: GET, Route: dokter/edit/1]
in APPPATH\Views\dokter\form_edit.php on line 17.
 1 APPPATH\Views\dokter\form_edit.php(17): CodeIgniter\Debug\Exceptions->errorHandler(2, 'Trying to access array offset on value of type null', 'C:\\xampp\\htdocs\\projek_atletika\\app\\Views\\dokter\\form_edit.php', 17)
 2 SYSTEMPATH\View\View.php(234): include('C:\\xampp\\htdocs\\projek_atletika\\app\\Views\\dokter\\form_edit.php')
 3 SYSTEMPATH\View\View.php(237): CodeIgniter\View\View->CodeIgniter\View\{closure}()
 4 SYSTEMPATH\Common.php(1171): CodeIgniter\View\View->render('dokter/form_edit', [], true)
 5 APPPATH\Controllers\Dokter.php(73): view('dokter/form_edit', [...])
 6 SYSTEMPATH\CodeIgniter.php(933): App\Controllers\Dokter->edit('1')
 7 SYSTEMPATH\CodeIgniter.php(509): CodeIgniter\CodeIgniter->runController(Object(App\Controllers\Dokter))
 8 SYSTEMPATH\CodeIgniter.php(355): CodeIgniter\CodeIgniter->handleRequest(null, Object(Config\Cache), false)
 9 SYSTEMPATH\Boot.php(325): CodeIgniter\CodeIgniter->run()
10 SYSTEMPATH\Boot.php(67): CodeIgniter\Boot::runCodeIgniter(Object(CodeIgniter\CodeIgniter))
11 FCPATH\index.php(56): CodeIgniter\Boot::bootWeb(Object(Config\Paths))
12 SYSTEMPATH\rewrite.php(44): require_once('C:\\xampp\\htdocs\\projek_atletika\\public\\index.php')
CRITICAL - 2024-12-28 08:57:34 --> ErrorException: Trying to access array offset on value of type null
[Method: GET, Route: dokter/edit/1]
in APPPATH\Views\dokter\form_edit.php on line 17.
 1 APPPATH\Views\dokter\form_edit.php(17): CodeIgniter\Debug\Exceptions->errorHandler(2, 'Trying to access array offset on value of type null', 'C:\\xampp\\htdocs\\projek_atletika\\app\\Views\\dokter\\form_edit.php', 17)
 2 SYSTEMPATH\View\View.php(234): include('C:\\xampp\\htdocs\\projek_atletika\\app\\Views\\dokter\\form_edit.php')
 3 SYSTEMPATH\View\View.php(237): CodeIgniter\View\View->CodeIgniter\View\{closure}()
 4 SYSTEMPATH\Common.php(1171): CodeIgniter\View\View->render('dokter/form_edit', [], true)
 5 APPPATH\Controllers\Dokter.php(73): view('dokter/form_edit', [...])
 6 SYSTEMPATH\CodeIgniter.php(933): App\Controllers\Dokter->edit('1')
 7 SYSTEMPATH\CodeIgniter.php(509): CodeIgniter\CodeIgniter->runController(Object(App\Controllers\Dokter))
 8 SYSTEMPATH\CodeIgniter.php(355): CodeIgniter\CodeIgniter->handleRequest(null, Object(Config\Cache), false)
 9 SYSTEMPATH\Boot.php(325): CodeIgniter\CodeIgniter->run()
10 SYSTEMPATH\Boot.php(67): CodeIgniter\Boot::runCodeIgniter(Object(CodeIgniter\CodeIgniter))
11 FCPATH\index.php(56): CodeIgniter\Boot::bootWeb(Object(Config\Paths))
12 SYSTEMPATH\rewrite.php(44): require_once('C:\\xampp\\htdocs\\projek_atletika\\public\\index.php')
CRITICAL - 2024-12-28 09:00:45 --> ErrorException: Trying to access array offset on value of type null
[Method: GET, Route: dokter/edit/1]
in APPPATH\Views\dokter\form_edit.php on line 17.
 1 APPPATH\Views\dokter\form_edit.php(17): CodeIgniter\Debug\Exceptions->errorHandler(2, 'Trying to access array offset on value of type null', 'C:\\xampp\\htdocs\\projek_atletika\\app\\Views\\dokter\\form_edit.php', 17)
 2 SYSTEMPATH\View\View.php(234): include('C:\\xampp\\htdocs\\projek_atletika\\app\\Views\\dokter\\form_edit.php')
 3 SYSTEMPATH\View\View.php(237): CodeIgniter\View\View->CodeIgniter\View\{closure}()
 4 SYSTEMPATH\Common.php(1171): CodeIgniter\View\View->render('dokter/form_edit', [], true)
 5 APPPATH\Controllers\Dokter.php(73): view('dokter/form_edit', [...])
 6 SYSTEMPATH\CodeIgniter.php(933): App\Controllers\Dokter->edit('1')
 7 SYSTEMPATH\CodeIgniter.php(509): CodeIgniter\CodeIgniter->runController(Object(App\Controllers\Dokter))
 8 SYSTEMPATH\CodeIgniter.php(355): CodeIgniter\CodeIgniter->handleRequest(null, Object(Config\Cache), false)
 9 SYSTEMPATH\Boot.php(325): CodeIgniter\CodeIgniter->run()
10 SYSTEMPATH\Boot.php(67): CodeIgniter\Boot::runCodeIgniter(Object(CodeIgniter\CodeIgniter))
11 FCPATH\index.php(56): CodeIgniter\Boot::bootWeb(Object(Config\Paths))
12 SYSTEMPATH\rewrite.php(44): require_once('C:\\xampp\\htdocs\\projek_atletika\\public\\index.php')
CRITICAL - 2024-12-28 09:00:50 --> ErrorException: Trying to access array offset on value of type null
[Method: GET, Route: user/edit/assets/demo/chart-area-demo.js]
in APPPATH\Views\user\form_edit.php on line 16.
 1 APPPATH\Views\user\form_edit.php(16): CodeIgniter\Debug\Exceptions->errorHandler(2, 'Trying to access array offset on value of type null', 'C:\\xampp\\htdocs\\projek_atletika\\app\\Views\\user\\form_edit.php', 16)
 2 SYSTEMPATH\View\View.php(234): include('C:\\xampp\\htdocs\\projek_atletika\\app\\Views\\user\\form_edit.php')
 3 SYSTEMPATH\View\View.php(237): CodeIgniter\View\View->CodeIgniter\View\{closure}()
 4 SYSTEMPATH\Common.php(1171): CodeIgniter\View\View->render('user/form_edit', [], true)
 5 APPPATH\Controllers\User.php(61): view('user/form_edit', [...])
 6 SYSTEMPATH\CodeIgniter.php(933): App\Controllers\User->edit('assets', 'demo', 'chart-area-demo.js')
 7 SYSTEMPATH\CodeIgniter.php(509): CodeIgniter\CodeIgniter->runController(Object(App\Controllers\User))
 8 SYSTEMPATH\CodeIgniter.php(355): CodeIgniter\CodeIgniter->handleRequest(null, Object(Config\Cache), false)
 9 SYSTEMPATH\Boot.php(325): CodeIgniter\CodeIgniter->run()
10 SYSTEMPATH\Boot.php(67): CodeIgniter\Boot::runCodeIgniter(Object(CodeIgniter\CodeIgniter))
11 FCPATH\index.php(56): CodeIgniter\Boot::bootWeb(Object(Config\Paths))
12 SYSTEMPATH\rewrite.php(44): require_once('C:\\xampp\\htdocs\\projek_atletika\\public\\index.php')
CRITICAL - 2024-12-28 09:01:27 --> BadMethodCallException: Call to undefined method App\Models\UserModel::simpan_data
[Method: POST, Route: user/simpan]
in SYSTEMPATH\Model.php on line 932.
 1 APPPATH\Controllers\User.php(49): CodeIgniter\Model->__call('simpan_data', [...])
 2 SYSTEMPATH\CodeIgniter.php(933): App\Controllers\User->simpan()
 3 SYSTEMPATH\CodeIgniter.php(509): CodeIgniter\CodeIgniter->runController(Object(App\Controllers\User))
 4 SYSTEMPATH\CodeIgniter.php(355): CodeIgniter\CodeIgniter->handleRequest(null, Object(Config\Cache), false)
 5 SYSTEMPATH\Boot.php(325): CodeIgniter\CodeIgniter->run()
 6 SYSTEMPATH\Boot.php(67): CodeIgniter\Boot::runCodeIgniter(Object(CodeIgniter\CodeIgniter))
 7 FCPATH\index.php(56): CodeIgniter\Boot::bootWeb(Object(Config\Paths))
 8 SYSTEMPATH\rewrite.php(44): require_once('C:\\xampp\\htdocs\\projek_atletika\\public\\index.php')
INFO - 2024-12-28 09:03:33 --> Session: Class initialized using 'CodeIgniter\Session\Handlers\FileHandler' driver.
INFO - 2024-12-28 09:03:42 --> Session: Class initialized using 'CodeIgniter\Session\Handlers\FileHandler' driver.
INFO - 2024-12-28 09:04:10 --> Session: Class initialized using 'CodeIgniter\Session\Handlers\FileHandler' driver.
INFO - 2024-12-28 09:04:11 --> Session: Class initialized using 'CodeIgniter\Session\Handlers\FileHandler' driver.
CRITICAL - 2024-12-28 09:04:23 --> ErrorException: Trying to access array offset on value of type null
[Method: GET, Route: dokter/edit/assets/demo/chart-area-demo.js]
in APPPATH\Views\dokter\form_edit.php on line 17.
 1 APPPATH\Views\dokter\form_edit.php(17): CodeIgniter\Debug\Exceptions->errorHandler(2, 'Trying to access array offset on value of type null', 'C:\\xampp\\htdocs\\projek_atletika\\app\\Views\\dokter\\form_edit.php', 17)
 2 SYSTEMPATH\View\View.php(234): include('C:\\xampp\\htdocs\\projek_atletika\\app\\Views\\dokter\\form_edit.php')
 3 SYSTEMPATH\View\View.php(237): CodeIgniter\View\View->CodeIgniter\View\{closure}()
 4 SYSTEMPATH\Common.php(1171): CodeIgniter\View\View->render('dokter/form_edit', [], true)
 5 APPPATH\Controllers\Dokter.php(73): view('dokter/form_edit', [...])
 6 SYSTEMPATH\CodeIgniter.php(933): App\Controllers\Dokter->edit('assets', 'demo', 'chart-area-demo.js')
 7 SYSTEMPATH\CodeIgniter.php(509): CodeIgniter\CodeIgniter->runController(Object(App\Controllers\Dokter))
 8 SYSTEMPATH\CodeIgniter.php(355): CodeIgniter\CodeIgniter->handleRequest(null, Object(Config\Cache), false)
 9 SYSTEMPATH\Boot.php(325): CodeIgniter\CodeIgniter->run()
10 SYSTEMPATH\Boot.php(67): CodeIgniter\Boot::runCodeIgniter(Object(CodeIgniter\CodeIgniter))
11 FCPATH\index.php(56): CodeIgniter\Boot::bootWeb(Object(Config\Paths))
12 SYSTEMPATH\rewrite.php(44): require_once('C:\\xampp\\htdocs\\projek_atletika\\public\\index.php')
INFO - 2024-12-28 09:26:40 --> Session: Class initialized using 'CodeIgniter\Session\Handlers\FileHandler' driver.
