INFO - 2025-01-01 01:52:28 --> Session: Class initialized using 'CodeIgniter\Session\Handlers\FileHandler' driver.
INFO - 2025-01-01 01:52:52 --> Session: Class initialized using 'CodeIgniter\Session\Handlers\FileHandler' driver.
INFO - 2025-01-01 01:53:27 --> Session: Class initialized using 'CodeIgniter\Session\Handlers\FileHandler' driver.
INFO - 2025-01-01 01:53:28 --> Session: Class initialized using 'CodeIgniter\Session\Handlers\FileHandler' driver.
INFO - 2025-01-01 01:57:37 --> Session: Class initialized using 'CodeIgniter\Session\Handlers\FileHandler' driver.
INFO - 2025-01-01 01:57:37 --> Session: Class initialized using 'CodeIgniter\Session\Handlers\FileHandler' driver.
INFO - 2025-01-01 01:58:02 --> Session: Class initialized using 'CodeIgniter\Session\Handlers\FileHandler' driver.
INFO - 2025-01-01 01:58:05 --> Session: Class initialized using 'CodeIgniter\Session\Handlers\FileHandler' driver.
INFO - 2025-01-01 01:58:07 --> Session: Class initialized using 'CodeIgniter\Session\Handlers\FileHandler' driver.
INFO - 2025-01-01 01:58:14 --> Session: Class initialized using 'CodeIgniter\Session\Handlers\FileHandler' driver.
INFO - 2025-01-01 01:58:16 --> Session: Class initialized using 'CodeIgniter\Session\Handlers\FileHandler' driver.
CRITICAL - 2025-01-01 01:58:21 --> ErrorException: Trying to access array offset on value of type null
[Method: GET, Route: dokter/edit/assets/demo/chart-area-demo.js]
in APPPATH\Views\dokter\form_edit.php on line 17.
 1 APPPATH\Views\dokter\form_edit.php(17): CodeIgniter\Debug\Exceptions->errorHandler(2, 'Trying to access array offset on value of type null', 'C:\\xampp\\htdocs\\projek_atletika\\app\\Views\\dokter\\form_edit.php', 17)
 2 SYSTEMPATH\View\View.php(234): include('C:\\xampp\\htdocs\\projek_atletika\\app\\Views\\dokter\\form_edit.php')
 3 SYSTEMPATH\View\View.php(237): CodeIgniter\View\View->CodeIgniter\View\{closure}()
 4 SYSTEMPATH\Common.php(1171): CodeIgniter\View\View->render('dokter/form_edit', [], true)
 5 APPPATH\Controllers\Dokter.php(73): view('dokter/form_edit', [...])
 6 SYSTEMPATH\CodeIgniter.php(933): App\Controllers\Dokter->edit('assets', 'demo', 'chart-area-demo.js')
 7 SYSTEMPATH\CodeIgniter.php(509): CodeIgniter\CodeIgniter->runController(Object(App\Controllers\Dokter))
 8 SYSTEMPATH\CodeIgniter.php(355): CodeIgniter\CodeIgniter->handleRequest(null, Object(Config\Cache), false)
 9 SYSTEMPATH\Boot.php(325): CodeIgniter\CodeIgniter->run()
10 SYSTEMPATH\Boot.php(67): CodeIgniter\Boot::runCodeIgniter(Object(CodeIgniter\CodeIgniter))
11 FCPATH\index.php(56): CodeIgniter\Boot::bootWeb(Object(Config\Paths))
12 SYSTEMPATH\rewrite.php(44): require_once('C:\\xampp\\htdocs\\projek_atletika\\public\\index.php')
CRITICAL - 2025-01-01 02:02:02 --> ErrorException: Trying to access array offset on value of type null
[Method: GET, Route: dokter/edit/assets/demo/chart-area-demo.js]
in APPPATH\Views\dokter\form_edit.php on line 17.
 1 APPPATH\Views\dokter\form_edit.php(17): CodeIgniter\Debug\Exceptions->errorHandler(2, 'Trying to access array offset on value of type null', 'C:\\xampp\\htdocs\\projek_atletika\\app\\Views\\dokter\\form_edit.php', 17)
 2 SYSTEMPATH\View\View.php(234): include('C:\\xampp\\htdocs\\projek_atletika\\app\\Views\\dokter\\form_edit.php')
 3 SYSTEMPATH\View\View.php(237): CodeIgniter\View\View->CodeIgniter\View\{closure}()
 4 SYSTEMPATH\Common.php(1171): CodeIgniter\View\View->render('dokter/form_edit', [], true)
 5 APPPATH\Controllers\Dokter.php(73): view('dokter/form_edit', [...])
 6 SYSTEMPATH\CodeIgniter.php(933): App\Controllers\Dokter->edit('assets', 'demo', 'chart-area-demo.js')
 7 SYSTEMPATH\CodeIgniter.php(509): CodeIgniter\CodeIgniter->runController(Object(App\Controllers\Dokter))
 8 SYSTEMPATH\CodeIgniter.php(355): CodeIgniter\CodeIgniter->handleRequest(null, Object(Config\Cache), false)
 9 SYSTEMPATH\Boot.php(325): CodeIgniter\CodeIgniter->run()
10 SYSTEMPATH\Boot.php(67): CodeIgniter\Boot::runCodeIgniter(Object(CodeIgniter\CodeIgniter))
11 FCPATH\index.php(56): CodeIgniter\Boot::bootWeb(Object(Config\Paths))
12 SYSTEMPATH\rewrite.php(44): require_once('C:\\xampp\\htdocs\\projek_atletika\\public\\index.php')
INFO - 2025-01-01 02:02:24 --> Session: Class initialized using 'CodeIgniter\Session\Handlers\FileHandler' driver.
INFO - 2025-01-01 02:02:25 --> Session: Class initialized using 'CodeIgniter\Session\Handlers\FileHandler' driver.
INFO - 2025-01-01 02:02:34 --> Session: Class initialized using 'CodeIgniter\Session\Handlers\FileHandler' driver.
INFO - 2025-01-01 02:09:42 --> Session: Class initialized using 'CodeIgniter\Session\Handlers\FileHandler' driver.
INFO - 2025-01-01 02:09:43 --> Session: Class initialized using 'CodeIgniter\Session\Handlers\FileHandler' driver.
INFO - 2025-01-01 02:10:17 --> Session: Class initialized using 'CodeIgniter\Session\Handlers\FileHandler' driver.
INFO - 2025-01-01 02:10:17 --> Session: Class initialized using 'CodeIgniter\Session\Handlers\FileHandler' driver.
INFO - 2025-01-01 02:10:22 --> Session: Class initialized using 'CodeIgniter\Session\Handlers\FileHandler' driver.
INFO - 2025-01-01 02:10:23 --> Session: Class initialized using 'CodeIgniter\Session\Handlers\FileHandler' driver.
INFO - 2025-01-01 02:10:36 --> Session: Class initialized using 'CodeIgniter\Session\Handlers\FileHandler' driver.
INFO - 2025-01-01 02:10:40 --> Session: Class initialized using 'CodeIgniter\Session\Handlers\FileHandler' driver.
INFO - 2025-01-01 02:11:09 --> Session: Class initialized using 'CodeIgniter\Session\Handlers\FileHandler' driver.
INFO - 2025-01-01 02:15:39 --> Session: Class initialized using 'CodeIgniter\Session\Handlers\FileHandler' driver.
INFO - 2025-01-01 02:16:09 --> Session: Class initialized using 'CodeIgniter\Session\Handlers\FileHandler' driver.
INFO - 2025-01-01 02:16:09 --> Session: Class initialized using 'CodeIgniter\Session\Handlers\FileHandler' driver.
INFO - 2025-01-01 02:20:14 --> Session: Class initialized using 'CodeIgniter\Session\Handlers\FileHandler' driver.
INFO - 2025-01-01 02:20:32 --> Session: Class initialized using 'CodeIgniter\Session\Handlers\FileHandler' driver.
INFO - 2025-01-01 02:20:32 --> Session: Class initialized using 'CodeIgniter\Session\Handlers\FileHandler' driver.
CRITICAL - 2025-01-01 02:20:32 --> ErrorException: Undefined array key "id_dokter"
[Method: GET, Route: pelanggan]
in APPPATH\Views\pelanggan\datapelanggan.php on line 76.
 1 APPPATH\Views\pelanggan\datapelanggan.php(76): CodeIgniter\Debug\Exceptions->errorHandler(2, 'Undefined array key "id_dokter"', 'C:\\xampp\\htdocs\\projek_atletika\\app\\Views\\pelanggan\\datapelanggan.php', 76)
 2 SYSTEMPATH\View\View.php(234): include('C:\\xampp\\htdocs\\projek_atletika\\app\\Views\\pelanggan\\datapelanggan.php')
 3 SYSTEMPATH\View\View.php(237): CodeIgniter\View\View->CodeIgniter\View\{closure}()
 4 SYSTEMPATH\Common.php(1171): CodeIgniter\View\View->render('pelanggan/datapelanggan', [], true)
 5 APPPATH\Controllers\Pelanggan.php(29): view('pelanggan/datapelanggan', [...])
 6 SYSTEMPATH\CodeIgniter.php(933): App\Controllers\Pelanggan->index()
 7 SYSTEMPATH\CodeIgniter.php(509): CodeIgniter\CodeIgniter->runController(Object(App\Controllers\Pelanggan))
 8 SYSTEMPATH\CodeIgniter.php(355): CodeIgniter\CodeIgniter->handleRequest(null, Object(Config\Cache), false)
 9 SYSTEMPATH\Boot.php(325): CodeIgniter\CodeIgniter->run()
10 SYSTEMPATH\Boot.php(67): CodeIgniter\Boot::runCodeIgniter(Object(CodeIgniter\CodeIgniter))
11 FCPATH\index.php(56): CodeIgniter\Boot::bootWeb(Object(Config\Paths))
12 SYSTEMPATH\rewrite.php(44): require_once('C:\\xampp\\htdocs\\projek_atletika\\public\\index.php')
INFO - 2025-01-01 02:21:01 --> Session: Class initialized using 'CodeIgniter\Session\Handlers\FileHandler' driver.
CRITICAL - 2025-01-01 02:21:01 --> ErrorException: Undefined array key "id_pea"
[Method: GET, Route: pelanggan]
in APPPATH\Views\pelanggan\datapelanggan.php on line 77.
 1 APPPATH\Views\pelanggan\datapelanggan.php(77): CodeIgniter\Debug\Exceptions->errorHandler(2, 'Undefined array key "id_pea"', 'C:\\xampp\\htdocs\\projek_atletika\\app\\Views\\pelanggan\\datapelanggan.php', 77)
 2 SYSTEMPATH\View\View.php(234): include('C:\\xampp\\htdocs\\projek_atletika\\app\\Views\\pelanggan\\datapelanggan.php')
 3 SYSTEMPATH\View\View.php(237): CodeIgniter\View\View->CodeIgniter\View\{closure}()
 4 SYSTEMPATH\Common.php(1171): CodeIgniter\View\View->render('pelanggan/datapelanggan', [], true)
 5 APPPATH\Controllers\Pelanggan.php(29): view('pelanggan/datapelanggan', [...])
 6 SYSTEMPATH\CodeIgniter.php(933): App\Controllers\Pelanggan->index()
 7 SYSTEMPATH\CodeIgniter.php(509): CodeIgniter\CodeIgniter->runController(Object(App\Controllers\Pelanggan))
 8 SYSTEMPATH\CodeIgniter.php(355): CodeIgniter\CodeIgniter->handleRequest(null, Object(Config\Cache), false)
 9 SYSTEMPATH\Boot.php(325): CodeIgniter\CodeIgniter->run()
10 SYSTEMPATH\Boot.php(67): CodeIgniter\Boot::runCodeIgniter(Object(CodeIgniter\CodeIgniter))
11 FCPATH\index.php(56): CodeIgniter\Boot::bootWeb(Object(Config\Paths))
12 SYSTEMPATH\rewrite.php(44): require_once('C:\\xampp\\htdocs\\projek_atletika\\public\\index.php')
INFO - 2025-01-01 02:21:04 --> Session: Class initialized using 'CodeIgniter\Session\Handlers\FileHandler' driver.
CRITICAL - 2025-01-01 02:21:04 --> ErrorException: Undefined array key "id_pea"
[Method: GET, Route: pelanggan]
in APPPATH\Views\pelanggan\datapelanggan.php on line 77.
 1 APPPATH\Views\pelanggan\datapelanggan.php(77): CodeIgniter\Debug\Exceptions->errorHandler(2, 'Undefined array key "id_pea"', 'C:\\xampp\\htdocs\\projek_atletika\\app\\Views\\pelanggan\\datapelanggan.php', 77)
 2 SYSTEMPATH\View\View.php(234): include('C:\\xampp\\htdocs\\projek_atletika\\app\\Views\\pelanggan\\datapelanggan.php')
 3 SYSTEMPATH\View\View.php(237): CodeIgniter\View\View->CodeIgniter\View\{closure}()
 4 SYSTEMPATH\Common.php(1171): CodeIgniter\View\View->render('pelanggan/datapelanggan', [], true)
 5 APPPATH\Controllers\Pelanggan.php(29): view('pelanggan/datapelanggan', [...])
 6 SYSTEMPATH\CodeIgniter.php(933): App\Controllers\Pelanggan->index()
 7 SYSTEMPATH\CodeIgniter.php(509): CodeIgniter\CodeIgniter->runController(Object(App\Controllers\Pelanggan))
 8 SYSTEMPATH\CodeIgniter.php(355): CodeIgniter\CodeIgniter->handleRequest(null, Object(Config\Cache), false)
 9 SYSTEMPATH\Boot.php(325): CodeIgniter\CodeIgniter->run()
10 SYSTEMPATH\Boot.php(67): CodeIgniter\Boot::runCodeIgniter(Object(CodeIgniter\CodeIgniter))
11 FCPATH\index.php(56): CodeIgniter\Boot::bootWeb(Object(Config\Paths))
12 SYSTEMPATH\rewrite.php(44): require_once('C:\\xampp\\htdocs\\projek_atletika\\public\\index.php')
INFO - 2025-01-01 02:21:32 --> Session: Class initialized using 'CodeIgniter\Session\Handlers\FileHandler' driver.
CRITICAL - 2025-01-01 02:21:36 --> ErrorException: Undefined array key "id_pelanggan"
[Method: GET, Route: pelanggan/edit/1]
in APPPATH\Views\pelanggan\form_edit.php on line 17.
 1 APPPATH\Views\pelanggan\form_edit.php(17): CodeIgniter\Debug\Exceptions->errorHandler(2, 'Undefined array key "id_pelanggan"', 'C:\\xampp\\htdocs\\projek_atletika\\app\\Views\\pelanggan\\form_edit.php', 17)
 2 SYSTEMPATH\View\View.php(234): include('C:\\xampp\\htdocs\\projek_atletika\\app\\Views\\pelanggan\\form_edit.php')
 3 SYSTEMPATH\View\View.php(237): CodeIgniter\View\View->CodeIgniter\View\{closure}()
 4 SYSTEMPATH\Common.php(1171): CodeIgniter\View\View->render('pelanggan/form_edit', [], true)
 5 APPPATH\Controllers\Pelanggan.php(68): view('pelanggan/form_edit', [...])
 6 SYSTEMPATH\CodeIgniter.php(933): App\Controllers\Pelanggan->edit(null)
 7 SYSTEMPATH\CodeIgniter.php(509): CodeIgniter\CodeIgniter->runController(Object(App\Controllers\Pelanggan))
 8 SYSTEMPATH\CodeIgniter.php(355): CodeIgniter\CodeIgniter->handleRequest(null, Object(Config\Cache), false)
 9 SYSTEMPATH\Boot.php(325): CodeIgniter\CodeIgniter->run()
10 SYSTEMPATH\Boot.php(67): CodeIgniter\Boot::runCodeIgniter(Object(CodeIgniter\CodeIgniter))
11 FCPATH\index.php(56): CodeIgniter\Boot::bootWeb(Object(Config\Paths))
12 SYSTEMPATH\rewrite.php(44): require_once('C:\\xampp\\htdocs\\projek_atletika\\public\\index.php')
CRITICAL - 2025-01-01 02:24:09 --> ErrorException: Undefined array key "nama"
[Method: GET, Route: pelanggan/edit/1]
in APPPATH\Views\pelanggan\form_edit.php on line 18.
 1 APPPATH\Views\pelanggan\form_edit.php(18): CodeIgniter\Debug\Exceptions->errorHandler(2, 'Undefined array key "nama"', 'C:\\xampp\\htdocs\\projek_atletika\\app\\Views\\pelanggan\\form_edit.php', 18)
 2 SYSTEMPATH\View\View.php(234): include('C:\\xampp\\htdocs\\projek_atletika\\app\\Views\\pelanggan\\form_edit.php')
 3 SYSTEMPATH\View\View.php(237): CodeIgniter\View\View->CodeIgniter\View\{closure}()
 4 SYSTEMPATH\Common.php(1171): CodeIgniter\View\View->render('pelanggan/form_edit', [], true)
 5 APPPATH\Controllers\Pelanggan.php(68): view('pelanggan/form_edit', [...])
 6 SYSTEMPATH\CodeIgniter.php(933): App\Controllers\Pelanggan->edit(null)
 7 SYSTEMPATH\CodeIgniter.php(509): CodeIgniter\CodeIgniter->runController(Object(App\Controllers\Pelanggan))
 8 SYSTEMPATH\CodeIgniter.php(355): CodeIgniter\CodeIgniter->handleRequest(null, Object(Config\Cache), false)
 9 SYSTEMPATH\Boot.php(325): CodeIgniter\CodeIgniter->run()
10 SYSTEMPATH\Boot.php(67): CodeIgniter\Boot::runCodeIgniter(Object(CodeIgniter\CodeIgniter))
11 FCPATH\index.php(56): CodeIgniter\Boot::bootWeb(Object(Config\Paths))
12 SYSTEMPATH\rewrite.php(44): require_once('C:\\xampp\\htdocs\\projek_atletika\\public\\index.php')
CRITICAL - 2025-01-01 02:26:57 --> ErrorException: Undefined variable $id_pel
[Method: GET, Route: pelanggan/edit/1]
in APPPATH\Views\pelanggan\form_edit.php on line 17.
 1 APPPATH\Views\pelanggan\form_edit.php(17): CodeIgniter\Debug\Exceptions->errorHandler(2, 'Undefined variable $id_pel', 'C:\\xampp\\htdocs\\projek_atletika\\app\\Views\\pelanggan\\form_edit.php', 17)
 2 SYSTEMPATH\View\View.php(234): include('C:\\xampp\\htdocs\\projek_atletika\\app\\Views\\pelanggan\\form_edit.php')
 3 SYSTEMPATH\View\View.php(237): CodeIgniter\View\View->CodeIgniter\View\{closure}()
 4 SYSTEMPATH\Common.php(1171): CodeIgniter\View\View->render('pelanggan/form_edit', [], true)
 5 APPPATH\Controllers\Pelanggan.php(68): view('pelanggan/form_edit', [...])
 6 SYSTEMPATH\CodeIgniter.php(933): App\Controllers\Pelanggan->edit(null)
 7 SYSTEMPATH\CodeIgniter.php(509): CodeIgniter\CodeIgniter->runController(Object(App\Controllers\Pelanggan))
 8 SYSTEMPATH\CodeIgniter.php(355): CodeIgniter\CodeIgniter->handleRequest(null, Object(Config\Cache), false)
 9 SYSTEMPATH\Boot.php(325): CodeIgniter\CodeIgniter->run()
10 SYSTEMPATH\Boot.php(67): CodeIgniter\Boot::runCodeIgniter(Object(CodeIgniter\CodeIgniter))
11 FCPATH\index.php(56): CodeIgniter\Boot::bootWeb(Object(Config\Paths))
12 SYSTEMPATH\rewrite.php(44): require_once('C:\\xampp\\htdocs\\projek_atletika\\public\\index.php')
INFO - 2025-01-01 02:28:32 --> Session: Class initialized using 'CodeIgniter\Session\Handlers\FileHandler' driver.
CRITICAL - 2025-01-01 02:28:36 --> ErrorException: Undefined array key "id_pelanggan"
[Method: GET, Route: pelanggan/edit/1]
in APPPATH\Views\pelanggan\form_edit.php on line 17.
 1 APPPATH\Views\pelanggan\form_edit.php(17): CodeIgniter\Debug\Exceptions->errorHandler(2, 'Undefined array key "id_pelanggan"', 'C:\\xampp\\htdocs\\projek_atletika\\app\\Views\\pelanggan\\form_edit.php', 17)
 2 SYSTEMPATH\View\View.php(234): include('C:\\xampp\\htdocs\\projek_atletika\\app\\Views\\pelanggan\\form_edit.php')
 3 SYSTEMPATH\View\View.php(237): CodeIgniter\View\View->CodeIgniter\View\{closure}()
 4 SYSTEMPATH\Common.php(1171): CodeIgniter\View\View->render('pelanggan/form_edit', [], true)
 5 APPPATH\Controllers\Pelanggan.php(68): view('pelanggan/form_edit', [...])
 6 SYSTEMPATH\CodeIgniter.php(933): App\Controllers\Pelanggan->edit(null)
 7 SYSTEMPATH\CodeIgniter.php(509): CodeIgniter\CodeIgniter->runController(Object(App\Controllers\Pelanggan))
 8 SYSTEMPATH\CodeIgniter.php(355): CodeIgniter\CodeIgniter->handleRequest(null, Object(Config\Cache), false)
 9 SYSTEMPATH\Boot.php(325): CodeIgniter\CodeIgniter->run()
10 SYSTEMPATH\Boot.php(67): CodeIgniter\Boot::runCodeIgniter(Object(CodeIgniter\CodeIgniter))
11 FCPATH\index.php(56): CodeIgniter\Boot::bootWeb(Object(Config\Paths))
12 SYSTEMPATH\rewrite.php(44): require_once('C:\\xampp\\htdocs\\projek_atletika\\public\\index.php')
CRITICAL - 2025-01-01 02:33:37 --> ErrorException: Undefined array key "id_pelanggan"
[Method: GET, Route: pelanggan/edit/1]
in APPPATH\Views\pelanggan\form_edit.php on line 17.
 1 APPPATH\Views\pelanggan\form_edit.php(17): CodeIgniter\Debug\Exceptions->errorHandler(2, 'Undefined array key "id_pelanggan"', 'C:\\xampp\\htdocs\\projek_atletika\\app\\Views\\pelanggan\\form_edit.php', 17)
 2 SYSTEMPATH\View\View.php(234): include('C:\\xampp\\htdocs\\projek_atletika\\app\\Views\\pelanggan\\form_edit.php')
 3 SYSTEMPATH\View\View.php(237): CodeIgniter\View\View->CodeIgniter\View\{closure}()
 4 SYSTEMPATH\Common.php(1171): CodeIgniter\View\View->render('pelanggan/form_edit', [], true)
 5 APPPATH\Controllers\Pelanggan.php(68): view('pelanggan/form_edit', [...])
 6 SYSTEMPATH\CodeIgniter.php(933): App\Controllers\Pelanggan->edit(null)
 7 SYSTEMPATH\CodeIgniter.php(509): CodeIgniter\CodeIgniter->runController(Object(App\Controllers\Pelanggan))
 8 SYSTEMPATH\CodeIgniter.php(355): CodeIgniter\CodeIgniter->handleRequest(null, Object(Config\Cache), false)
 9 SYSTEMPATH\Boot.php(325): CodeIgniter\CodeIgniter->run()
10 SYSTEMPATH\Boot.php(67): CodeIgniter\Boot::runCodeIgniter(Object(CodeIgniter\CodeIgniter))
11 FCPATH\index.php(56): CodeIgniter\Boot::bootWeb(Object(Config\Paths))
12 SYSTEMPATH\rewrite.php(44): require_once('C:\\xampp\\htdocs\\projek_atletika\\public\\index.php')
CRITICAL - 2025-01-01 02:40:51 --> ErrorException: Undefined array key "id_pelanggan"
[Method: GET, Route: pelanggan/edit/1]
in APPPATH\Views\pelanggan\form_edit.php on line 17.
 1 APPPATH\Views\pelanggan\form_edit.php(17): CodeIgniter\Debug\Exceptions->errorHandler(2, 'Undefined array key "id_pelanggan"', 'C:\\xampp\\htdocs\\projek_atletika\\app\\Views\\pelanggan\\form_edit.php', 17)
 2 SYSTEMPATH\View\View.php(234): include('C:\\xampp\\htdocs\\projek_atletika\\app\\Views\\pelanggan\\form_edit.php')
 3 SYSTEMPATH\View\View.php(237): CodeIgniter\View\View->CodeIgniter\View\{closure}()
 4 SYSTEMPATH\Common.php(1171): CodeIgniter\View\View->render('pelanggan/form_edit', [], true)
 5 APPPATH\Controllers\Pelanggan.php(68): view('pelanggan/form_edit', [...])
 6 SYSTEMPATH\CodeIgniter.php(933): App\Controllers\Pelanggan->edit(null)
 7 SYSTEMPATH\CodeIgniter.php(509): CodeIgniter\CodeIgniter->runController(Object(App\Controllers\Pelanggan))
 8 SYSTEMPATH\CodeIgniter.php(355): CodeIgniter\CodeIgniter->handleRequest(null, Object(Config\Cache), false)
 9 SYSTEMPATH\Boot.php(325): CodeIgniter\CodeIgniter->run()
10 SYSTEMPATH\Boot.php(67): CodeIgniter\Boot::runCodeIgniter(Object(CodeIgniter\CodeIgniter))
11 FCPATH\index.php(56): CodeIgniter\Boot::bootWeb(Object(Config\Paths))
12 SYSTEMPATH\rewrite.php(44): require_once('C:\\xampp\\htdocs\\projek_atletika\\public\\index.php')
INFO - 2025-01-01 02:40:57 --> Session: Class initialized using 'CodeIgniter\Session\Handlers\FileHandler' driver.
INFO - 2025-01-01 02:41:01 --> Session: Class initialized using 'CodeIgniter\Session\Handlers\FileHandler' driver.
INFO - 2025-01-01 02:41:01 --> Session: Class initialized using 'CodeIgniter\Session\Handlers\FileHandler' driver.
INFO - 2025-01-01 02:41:29 --> Session: Class initialized using 'CodeIgniter\Session\Handlers\FileHandler' driver.
INFO - 2025-01-01 02:41:29 --> Session: Class initialized using 'CodeIgniter\Session\Handlers\FileHandler' driver.
INFO - 2025-01-01 02:43:21 --> Session: Class initialized using 'CodeIgniter\Session\Handlers\FileHandler' driver.
INFO - 2025-01-01 02:43:25 --> Session: Class initialized using 'CodeIgniter\Session\Handlers\FileHandler' driver.
INFO - 2025-01-01 02:43:25 --> Session: Class initialized using 'CodeIgniter\Session\Handlers\FileHandler' driver.
INFO - 2025-01-01 02:43:41 --> Session: Class initialized using 'CodeIgniter\Session\Handlers\FileHandler' driver.
INFO - 2025-01-01 02:43:41 --> Session: Class initialized using 'CodeIgniter\Session\Handlers\FileHandler' driver.
CRITICAL - 2025-01-01 02:43:50 --> ErrorException: Undefined array key "id_pelanggan"
[Method: GET, Route: pelanggan/edit/3]
in APPPATH\Views\pelanggan\form_edit.php on line 17.
 1 APPPATH\Views\pelanggan\form_edit.php(17): CodeIgniter\Debug\Exceptions->errorHandler(2, 'Undefined array key "id_pelanggan"', 'C:\\xampp\\htdocs\\projek_atletika\\app\\Views\\pelanggan\\form_edit.php', 17)
 2 SYSTEMPATH\View\View.php(234): include('C:\\xampp\\htdocs\\projek_atletika\\app\\Views\\pelanggan\\form_edit.php')
 3 SYSTEMPATH\View\View.php(237): CodeIgniter\View\View->CodeIgniter\View\{closure}()
 4 SYSTEMPATH\Common.php(1171): CodeIgniter\View\View->render('pelanggan/form_edit', [], true)
 5 APPPATH\Controllers\Pelanggan.php(68): view('pelanggan/form_edit', [...])
 6 SYSTEMPATH\CodeIgniter.php(933): App\Controllers\Pelanggan->edit(null)
 7 SYSTEMPATH\CodeIgniter.php(509): CodeIgniter\CodeIgniter->runController(Object(App\Controllers\Pelanggan))
 8 SYSTEMPATH\CodeIgniter.php(355): CodeIgniter\CodeIgniter->handleRequest(null, Object(Config\Cache), false)
 9 SYSTEMPATH\Boot.php(325): CodeIgniter\CodeIgniter->run()
10 SYSTEMPATH\Boot.php(67): CodeIgniter\Boot::runCodeIgniter(Object(CodeIgniter\CodeIgniter))
11 FCPATH\index.php(56): CodeIgniter\Boot::bootWeb(Object(Config\Paths))
12 SYSTEMPATH\rewrite.php(44): require_once('C:\\xampp\\htdocs\\projek_atletika\\public\\index.php')
CRITICAL - 2025-01-01 02:51:15 --> ErrorException: Trying to access array offset on value of type null
[Method: GET, Route: pelanggan/edit/assets/demo/chart-area-demo.js]
in APPPATH\Views\pelanggan\form_edit.php on line 17.
 1 APPPATH\Views\pelanggan\form_edit.php(17): CodeIgniter\Debug\Exceptions->errorHandler(2, 'Trying to access array offset on value of type null', 'C:\\xampp\\htdocs\\projek_atletika\\app\\Views\\pelanggan\\form_edit.php', 17)
 2 SYSTEMPATH\View\View.php(234): include('C:\\xampp\\htdocs\\projek_atletika\\app\\Views\\pelanggan\\form_edit.php')
 3 SYSTEMPATH\View\View.php(237): CodeIgniter\View\View->CodeIgniter\View\{closure}()
 4 SYSTEMPATH\Common.php(1171): CodeIgniter\View\View->render('pelanggan/form_edit', [], true)
 5 APPPATH\Controllers\Pelanggan.php(60): view('pelanggan/form_edit', [...])
 6 SYSTEMPATH\CodeIgniter.php(933): App\Controllers\Pelanggan->edit('assets', 'demo', 'chart-area-demo.js')
 7 SYSTEMPATH\CodeIgniter.php(509): CodeIgniter\CodeIgniter->runController(Object(App\Controllers\Pelanggan))
 8 SYSTEMPATH\CodeIgniter.php(355): CodeIgniter\CodeIgniter->handleRequest(null, Object(Config\Cache), false)
 9 SYSTEMPATH\Boot.php(325): CodeIgniter\CodeIgniter->run()
10 SYSTEMPATH\Boot.php(67): CodeIgniter\Boot::runCodeIgniter(Object(CodeIgniter\CodeIgniter))
11 FCPATH\index.php(56): CodeIgniter\Boot::bootWeb(Object(Config\Paths))
12 SYSTEMPATH\rewrite.php(44): require_once('C:\\xampp\\htdocs\\projek_atletika\\public\\index.php')
INFO - 2025-01-01 02:51:24 --> Session: Class initialized using 'CodeIgniter\Session\Handlers\FileHandler' driver.
CRITICAL - 2025-01-01 02:51:30 --> ErrorException: Trying to access array offset on value of type null
[Method: GET, Route: pelanggan/edit/assets/demo/chart-area-demo.js]
in APPPATH\Views\pelanggan\form_edit.php on line 17.
 1 APPPATH\Views\pelanggan\form_edit.php(17): CodeIgniter\Debug\Exceptions->errorHandler(2, 'Trying to access array offset on value of type null', 'C:\\xampp\\htdocs\\projek_atletika\\app\\Views\\pelanggan\\form_edit.php', 17)
 2 SYSTEMPATH\View\View.php(234): include('C:\\xampp\\htdocs\\projek_atletika\\app\\Views\\pelanggan\\form_edit.php')
 3 SYSTEMPATH\View\View.php(237): CodeIgniter\View\View->CodeIgniter\View\{closure}()
 4 SYSTEMPATH\Common.php(1171): CodeIgniter\View\View->render('pelanggan/form_edit', [], true)
 5 APPPATH\Controllers\Pelanggan.php(60): view('pelanggan/form_edit', [...])
 6 SYSTEMPATH\CodeIgniter.php(933): App\Controllers\Pelanggan->edit('assets', 'demo', 'chart-area-demo.js')
 7 SYSTEMPATH\CodeIgniter.php(509): CodeIgniter\CodeIgniter->runController(Object(App\Controllers\Pelanggan))
 8 SYSTEMPATH\CodeIgniter.php(355): CodeIgniter\CodeIgniter->handleRequest(null, Object(Config\Cache), false)
 9 SYSTEMPATH\Boot.php(325): CodeIgniter\CodeIgniter->run()
10 SYSTEMPATH\Boot.php(67): CodeIgniter\Boot::runCodeIgniter(Object(CodeIgniter\CodeIgniter))
11 FCPATH\index.php(56): CodeIgniter\Boot::bootWeb(Object(Config\Paths))
12 SYSTEMPATH\rewrite.php(44): require_once('C:\\xampp\\htdocs\\projek_atletika\\public\\index.php')
INFO - 2025-01-01 02:51:34 --> Session: Class initialized using 'CodeIgniter\Session\Handlers\FileHandler' driver.
INFO - 2025-01-01 02:51:40 --> Session: Class initialized using 'CodeIgniter\Session\Handlers\FileHandler' driver.
INFO - 2025-01-01 02:52:30 --> Session: Class initialized using 'CodeIgniter\Session\Handlers\FileHandler' driver.
CRITICAL - 2025-01-01 02:52:36 --> ErrorException: Trying to access array offset on value of type null
[Method: GET, Route: pelanggan/edit/assets/demo/chart-area-demo.js]
in APPPATH\Views\pelanggan\form_edit.php on line 17.
 1 APPPATH\Views\pelanggan\form_edit.php(17): CodeIgniter\Debug\Exceptions->errorHandler(2, 'Trying to access array offset on value of type null', 'C:\\xampp\\htdocs\\projek_atletika\\app\\Views\\pelanggan\\form_edit.php', 17)
 2 SYSTEMPATH\View\View.php(234): include('C:\\xampp\\htdocs\\projek_atletika\\app\\Views\\pelanggan\\form_edit.php')
 3 SYSTEMPATH\View\View.php(237): CodeIgniter\View\View->CodeIgniter\View\{closure}()
 4 SYSTEMPATH\Common.php(1171): CodeIgniter\View\View->render('pelanggan/form_edit', [], true)
 5 APPPATH\Controllers\Pelanggan.php(60): view('pelanggan/form_edit', [...])
 6 SYSTEMPATH\CodeIgniter.php(933): App\Controllers\Pelanggan->edit('assets', 'demo', 'chart-area-demo.js')
 7 SYSTEMPATH\CodeIgniter.php(509): CodeIgniter\CodeIgniter->runController(Object(App\Controllers\Pelanggan))
 8 SYSTEMPATH\CodeIgniter.php(355): CodeIgniter\CodeIgniter->handleRequest(null, Object(Config\Cache), false)
 9 SYSTEMPATH\Boot.php(325): CodeIgniter\CodeIgniter->run()
10 SYSTEMPATH\Boot.php(67): CodeIgniter\Boot::runCodeIgniter(Object(CodeIgniter\CodeIgniter))
11 FCPATH\index.php(56): CodeIgniter\Boot::bootWeb(Object(Config\Paths))
12 SYSTEMPATH\rewrite.php(44): require_once('C:\\xampp\\htdocs\\projek_atletika\\public\\index.php')
INFO - 2025-01-01 02:52:46 --> Session: Class initialized using 'CodeIgniter\Session\Handlers\FileHandler' driver.
INFO - 2025-01-01 02:52:46 --> Session: Class initialized using 'CodeIgniter\Session\Handlers\FileHandler' driver.
INFO - 2025-01-01 02:52:59 --> Session: Class initialized using 'CodeIgniter\Session\Handlers\FileHandler' driver.
CRITICAL - 2025-01-01 02:53:02 --> ErrorException: Trying to access array offset on value of type null
[Method: GET, Route: dokter/edit/assets/demo/chart-area-demo.js]
in APPPATH\Views\dokter\form_edit.php on line 17.
 1 APPPATH\Views\dokter\form_edit.php(17): CodeIgniter\Debug\Exceptions->errorHandler(2, 'Trying to access array offset on value of type null', 'C:\\xampp\\htdocs\\projek_atletika\\app\\Views\\dokter\\form_edit.php', 17)
 2 SYSTEMPATH\View\View.php(234): include('C:\\xampp\\htdocs\\projek_atletika\\app\\Views\\dokter\\form_edit.php')
 3 SYSTEMPATH\View\View.php(237): CodeIgniter\View\View->CodeIgniter\View\{closure}()
 4 SYSTEMPATH\Common.php(1171): CodeIgniter\View\View->render('dokter/form_edit', [], true)
 5 APPPATH\Controllers\Dokter.php(73): view('dokter/form_edit', [...])
 6 SYSTEMPATH\CodeIgniter.php(933): App\Controllers\Dokter->edit('assets', 'demo', 'chart-area-demo.js')
 7 SYSTEMPATH\CodeIgniter.php(509): CodeIgniter\CodeIgniter->runController(Object(App\Controllers\Dokter))
 8 SYSTEMPATH\CodeIgniter.php(355): CodeIgniter\CodeIgniter->handleRequest(null, Object(Config\Cache), false)
 9 SYSTEMPATH\Boot.php(325): CodeIgniter\CodeIgniter->run()
10 SYSTEMPATH\Boot.php(67): CodeIgniter\Boot::runCodeIgniter(Object(CodeIgniter\CodeIgniter))
11 FCPATH\index.php(56): CodeIgniter\Boot::bootWeb(Object(Config\Paths))
12 SYSTEMPATH\rewrite.php(44): require_once('C:\\xampp\\htdocs\\projek_atletika\\public\\index.php')
INFO - 2025-01-01 02:53:06 --> Session: Class initialized using 'CodeIgniter\Session\Handlers\FileHandler' driver.
INFO - 2025-01-01 02:53:06 --> Session: Class initialized using 'CodeIgniter\Session\Handlers\FileHandler' driver.
INFO - 2025-01-01 02:54:27 --> Session: Class initialized using 'CodeIgniter\Session\Handlers\FileHandler' driver.
CRITICAL - 2025-01-01 02:54:29 --> ErrorException: Trying to access array offset on value of type null
[Method: GET, Route: dokter/edit/assets/demo/chart-area-demo.js]
in APPPATH\Views\dokter\form_edit.php on line 17.
 1 APPPATH\Views\dokter\form_edit.php(17): CodeIgniter\Debug\Exceptions->errorHandler(2, 'Trying to access array offset on value of type null', 'C:\\xampp\\htdocs\\projek_atletika\\app\\Views\\dokter\\form_edit.php', 17)
 2 SYSTEMPATH\View\View.php(234): include('C:\\xampp\\htdocs\\projek_atletika\\app\\Views\\dokter\\form_edit.php')
 3 SYSTEMPATH\View\View.php(237): CodeIgniter\View\View->CodeIgniter\View\{closure}()
 4 SYSTEMPATH\Common.php(1171): CodeIgniter\View\View->render('dokter/form_edit', [], true)
 5 APPPATH\Controllers\Dokter.php(73): view('dokter/form_edit', [...])
 6 SYSTEMPATH\CodeIgniter.php(933): App\Controllers\Dokter->edit('assets', 'demo', 'chart-area-demo.js')
 7 SYSTEMPATH\CodeIgniter.php(509): CodeIgniter\CodeIgniter->runController(Object(App\Controllers\Dokter))
 8 SYSTEMPATH\CodeIgniter.php(355): CodeIgniter\CodeIgniter->handleRequest(null, Object(Config\Cache), false)
 9 SYSTEMPATH\Boot.php(325): CodeIgniter\CodeIgniter->run()
10 SYSTEMPATH\Boot.php(67): CodeIgniter\Boot::runCodeIgniter(Object(CodeIgniter\CodeIgniter))
11 FCPATH\index.php(56): CodeIgniter\Boot::bootWeb(Object(Config\Paths))
12 SYSTEMPATH\rewrite.php(44): require_once('C:\\xampp\\htdocs\\projek_atletika\\public\\index.php')
INFO - 2025-01-01 02:54:35 --> Session: Class initialized using 'CodeIgniter\Session\Handlers\FileHandler' driver.
INFO - 2025-01-01 02:54:35 --> Session: Class initialized using 'CodeIgniter\Session\Handlers\FileHandler' driver.
CRITICAL - 2025-01-01 02:55:03 --> ErrorException: Trying to access array offset on value of type null
[Method: GET, Route: dokter/edit/assets/demo/chart-area-demo.js]
in APPPATH\Views\dokter\form_edit.php on line 17.
 1 APPPATH\Views\dokter\form_edit.php(17): CodeIgniter\Debug\Exceptions->errorHandler(2, 'Trying to access array offset on value of type null', 'C:\\xampp\\htdocs\\projek_atletika\\app\\Views\\dokter\\form_edit.php', 17)
 2 SYSTEMPATH\View\View.php(234): include('C:\\xampp\\htdocs\\projek_atletika\\app\\Views\\dokter\\form_edit.php')
 3 SYSTEMPATH\View\View.php(237): CodeIgniter\View\View->CodeIgniter\View\{closure}()
 4 SYSTEMPATH\Common.php(1171): CodeIgniter\View\View->render('dokter/form_edit', [], true)
 5 APPPATH\Controllers\Dokter.php(73): view('dokter/form_edit', [...])
 6 SYSTEMPATH\CodeIgniter.php(933): App\Controllers\Dokter->edit('assets', 'demo', 'chart-area-demo.js')
 7 SYSTEMPATH\CodeIgniter.php(509): CodeIgniter\CodeIgniter->runController(Object(App\Controllers\Dokter))
 8 SYSTEMPATH\CodeIgniter.php(355): CodeIgniter\CodeIgniter->handleRequest(null, Object(Config\Cache), false)
 9 SYSTEMPATH\Boot.php(325): CodeIgniter\CodeIgniter->run()
10 SYSTEMPATH\Boot.php(67): CodeIgniter\Boot::runCodeIgniter(Object(CodeIgniter\CodeIgniter))
11 FCPATH\index.php(56): CodeIgniter\Boot::bootWeb(Object(Config\Paths))
12 SYSTEMPATH\rewrite.php(44): require_once('C:\\xampp\\htdocs\\projek_atletika\\public\\index.php')
INFO - 2025-01-01 02:55:12 --> Session: Class initialized using 'CodeIgniter\Session\Handlers\FileHandler' driver.
INFO - 2025-01-01 02:55:13 --> Session: Class initialized using 'CodeIgniter\Session\Handlers\FileHandler' driver.
CRITICAL - 2025-01-01 03:02:09 --> ErrorException: Namespace declaration statement has to be the very first statement or after any declare call in the script
[Method: GET, Route: dokter]
in APPPATH\Controllers\Dokter.php on line 27.
 1 [internal function]: CodeIgniter\Debug\Exceptions->shutdownHandler()
INFO - 2025-01-01 03:02:46 --> Session: Class initialized using 'CodeIgniter\Session\Handlers\FileHandler' driver.
INFO - 2025-01-01 03:02:50 --> Session: Class initialized using 'CodeIgniter\Session\Handlers\FileHandler' driver.
INFO - 2025-01-01 03:02:51 --> Session: Class initialized using 'CodeIgniter\Session\Handlers\FileHandler' driver.
INFO - 2025-01-01 03:03:23 --> Session: Class initialized using 'CodeIgniter\Session\Handlers\FileHandler' driver.
INFO - 2025-01-01 03:03:23 --> Session: Class initialized using 'CodeIgniter\Session\Handlers\FileHandler' driver.
INFO - 2025-01-01 03:03:33 --> Session: Class initialized using 'CodeIgniter\Session\Handlers\FileHandler' driver.
INFO - 2025-01-01 03:03:33 --> Session: Class initialized using 'CodeIgniter\Session\Handlers\FileHandler' driver.
INFO - 2025-01-01 03:04:01 --> Session: Class initialized using 'CodeIgniter\Session\Handlers\FileHandler' driver.
INFO - 2025-01-01 03:04:15 --> Session: Class initialized using 'CodeIgniter\Session\Handlers\FileHandler' driver.
INFO - 2025-01-01 03:04:15 --> Session: Class initialized using 'CodeIgniter\Session\Handlers\FileHandler' driver.
INFO - 2025-01-01 03:04:27 --> Session: Class initialized using 'CodeIgniter\Session\Handlers\FileHandler' driver.
CRITICAL - 2025-01-01 03:04:32 --> ErrorException: Trying to access array offset on value of type null
[Method: GET, Route: user/edit/assets/demo/chart-area-demo.js]
in APPPATH\Views\user\form_edit.php on line 14.
 1 APPPATH\Views\user\form_edit.php(14): CodeIgniter\Debug\Exceptions->errorHandler(2, 'Trying to access array offset on value of type null', 'C:\\xampp\\htdocs\\projek_atletika\\app\\Views\\user\\form_edit.php', 14)
 2 SYSTEMPATH\View\View.php(234): include('C:\\xampp\\htdocs\\projek_atletika\\app\\Views\\user\\form_edit.php')
 3 SYSTEMPATH\View\View.php(237): CodeIgniter\View\View->CodeIgniter\View\{closure}()
 4 SYSTEMPATH\Common.php(1171): CodeIgniter\View\View->render('user/form_edit', [], true)
 5 APPPATH\Controllers\User.php(55): view('user/form_edit', [...])
 6 SYSTEMPATH\CodeIgniter.php(933): App\Controllers\User->edit('assets', 'demo', 'chart-area-demo.js')
 7 SYSTEMPATH\CodeIgniter.php(509): CodeIgniter\CodeIgniter->runController(Object(App\Controllers\User))
 8 SYSTEMPATH\CodeIgniter.php(355): CodeIgniter\CodeIgniter->handleRequest(null, Object(Config\Cache), false)
 9 SYSTEMPATH\Boot.php(325): CodeIgniter\CodeIgniter->run()
10 SYSTEMPATH\Boot.php(67): CodeIgniter\Boot::runCodeIgniter(Object(CodeIgniter\CodeIgniter))
11 FCPATH\index.php(56): CodeIgniter\Boot::bootWeb(Object(Config\Paths))
12 SYSTEMPATH\rewrite.php(44): require_once('C:\\xampp\\htdocs\\projek_atletika\\public\\index.php')
INFO - 2025-01-01 03:04:39 --> Session: Class initialized using 'CodeIgniter\Session\Handlers\FileHandler' driver.
INFO - 2025-01-01 03:04:39 --> Session: Class initialized using 'CodeIgniter\Session\Handlers\FileHandler' driver.
INFO - 2025-01-01 03:04:47 --> Session: Class initialized using 'CodeIgniter\Session\Handlers\FileHandler' driver.
INFO - 2025-01-01 03:04:48 --> Session: Class initialized using 'CodeIgniter\Session\Handlers\FileHandler' driver.
INFO - 2025-01-01 03:04:54 --> Session: Class initialized using 'CodeIgniter\Session\Handlers\FileHandler' driver.
INFO - 2025-01-01 03:04:56 --> Session: Class initialized using 'CodeIgniter\Session\Handlers\FileHandler' driver.
INFO - 2025-01-01 03:05:15 --> Session: Class initialized using 'CodeIgniter\Session\Handlers\FileHandler' driver.
CRITICAL - 2025-01-01 03:05:19 --> ErrorException: Trying to access array offset on value of type null
[Method: GET, Route: supplier/edit/assets/demo/chart-area-demo.js]
in APPPATH\Views\supplier\form_edit.php on line 15.
 1 APPPATH\Views\supplier\form_edit.php(15): CodeIgniter\Debug\Exceptions->errorHandler(2, 'Trying to access array offset on value of type null', 'C:\\xampp\\htdocs\\projek_atletika\\app\\Views\\supplier\\form_edit.php', 15)
 2 SYSTEMPATH\View\View.php(234): include('C:\\xampp\\htdocs\\projek_atletika\\app\\Views\\supplier\\form_edit.php')
 3 SYSTEMPATH\View\View.php(237): CodeIgniter\View\View->CodeIgniter\View\{closure}()
 4 SYSTEMPATH\Common.php(1171): CodeIgniter\View\View->render('supplier/form_edit', [], true)
 5 APPPATH\Controllers\Supplier.php(61): view('supplier/form_edit', [...])
 6 SYSTEMPATH\CodeIgniter.php(933): App\Controllers\Supplier->edit('assets', 'demo', 'chart-area-demo.js')
 7 SYSTEMPATH\CodeIgniter.php(509): CodeIgniter\CodeIgniter->runController(Object(App\Controllers\Supplier))
 8 SYSTEMPATH\CodeIgniter.php(355): CodeIgniter\CodeIgniter->handleRequest(null, Object(Config\Cache), false)
 9 SYSTEMPATH\Boot.php(325): CodeIgniter\CodeIgniter->run()
10 SYSTEMPATH\Boot.php(67): CodeIgniter\Boot::runCodeIgniter(Object(CodeIgniter\CodeIgniter))
11 FCPATH\index.php(56): CodeIgniter\Boot::bootWeb(Object(Config\Paths))
12 SYSTEMPATH\rewrite.php(44): require_once('C:\\xampp\\htdocs\\projek_atletika\\public\\index.php')
INFO - 2025-01-01 03:05:26 --> Session: Class initialized using 'CodeIgniter\Session\Handlers\FileHandler' driver.
INFO - 2025-01-01 03:05:42 --> Session: Class initialized using 'CodeIgniter\Session\Handlers\FileHandler' driver.
INFO - 2025-01-01 03:05:45 --> Session: Class initialized using 'CodeIgniter\Session\Handlers\FileHandler' driver.
INFO - 2025-01-01 03:05:48 --> Session: Class initialized using 'CodeIgniter\Session\Handlers\FileHandler' driver.
INFO - 2025-01-01 03:05:51 --> Session: Class initialized using 'CodeIgniter\Session\Handlers\FileHandler' driver.
INFO - 2025-01-01 03:05:54 --> Session: Class initialized using 'CodeIgniter\Session\Handlers\FileHandler' driver.
INFO - 2025-01-01 03:05:57 --> Session: Class initialized using 'CodeIgniter\Session\Handlers\FileHandler' driver.
CRITICAL - 2025-01-01 03:06:03 --> ErrorException: Trying to access array offset on value of type null
[Method: GET, Route: pelanggan/edit/assets/demo/chart-area-demo.js]
in APPPATH\Views\pelanggan\form_edit.php on line 17.
 1 APPPATH\Views\pelanggan\form_edit.php(17): CodeIgniter\Debug\Exceptions->errorHandler(2, 'Trying to access array offset on value of type null', 'C:\\xampp\\htdocs\\projek_atletika\\app\\Views\\pelanggan\\form_edit.php', 17)
 2 SYSTEMPATH\View\View.php(234): include('C:\\xampp\\htdocs\\projek_atletika\\app\\Views\\pelanggan\\form_edit.php')
 3 SYSTEMPATH\View\View.php(237): CodeIgniter\View\View->CodeIgniter\View\{closure}()
 4 SYSTEMPATH\Common.php(1171): CodeIgniter\View\View->render('pelanggan/form_edit', [], true)
 5 APPPATH\Controllers\Pelanggan.php(60): view('pelanggan/form_edit', [...])
 6 SYSTEMPATH\CodeIgniter.php(933): App\Controllers\Pelanggan->edit('assets', 'demo', 'chart-area-demo.js')
 7 SYSTEMPATH\CodeIgniter.php(509): CodeIgniter\CodeIgniter->runController(Object(App\Controllers\Pelanggan))
 8 SYSTEMPATH\CodeIgniter.php(355): CodeIgniter\CodeIgniter->handleRequest(null, Object(Config\Cache), false)
 9 SYSTEMPATH\Boot.php(325): CodeIgniter\CodeIgniter->run()
10 SYSTEMPATH\Boot.php(67): CodeIgniter\Boot::runCodeIgniter(Object(CodeIgniter\CodeIgniter))
11 FCPATH\index.php(56): CodeIgniter\Boot::bootWeb(Object(Config\Paths))
12 SYSTEMPATH\rewrite.php(44): require_once('C:\\xampp\\htdocs\\projek_atletika\\public\\index.php')
INFO - 2025-01-01 03:06:08 --> Session: Class initialized using 'CodeIgniter\Session\Handlers\FileHandler' driver.
INFO - 2025-01-01 03:06:08 --> Session: Class initialized using 'CodeIgniter\Session\Handlers\FileHandler' driver.
INFO - 2025-01-01 03:06:16 --> Session: Class initialized using 'CodeIgniter\Session\Handlers\FileHandler' driver.
CRITICAL - 2025-01-01 03:06:21 --> ErrorException: Trying to access array offset on value of type null
[Method: GET, Route: supplier/edit/assets/demo/chart-area-demo.js]
in APPPATH\Views\supplier\form_edit.php on line 15.
 1 APPPATH\Views\supplier\form_edit.php(15): CodeIgniter\Debug\Exceptions->errorHandler(2, 'Trying to access array offset on value of type null', 'C:\\xampp\\htdocs\\projek_atletika\\app\\Views\\supplier\\form_edit.php', 15)
 2 SYSTEMPATH\View\View.php(234): include('C:\\xampp\\htdocs\\projek_atletika\\app\\Views\\supplier\\form_edit.php')
 3 SYSTEMPATH\View\View.php(237): CodeIgniter\View\View->CodeIgniter\View\{closure}()
 4 SYSTEMPATH\Common.php(1171): CodeIgniter\View\View->render('supplier/form_edit', [], true)
 5 APPPATH\Controllers\Supplier.php(61): view('supplier/form_edit', [...])
 6 SYSTEMPATH\CodeIgniter.php(933): App\Controllers\Supplier->edit('assets', 'demo', 'chart-area-demo.js')
 7 SYSTEMPATH\CodeIgniter.php(509): CodeIgniter\CodeIgniter->runController(Object(App\Controllers\Supplier))
 8 SYSTEMPATH\CodeIgniter.php(355): CodeIgniter\CodeIgniter->handleRequest(null, Object(Config\Cache), false)
 9 SYSTEMPATH\Boot.php(325): CodeIgniter\CodeIgniter->run()
10 SYSTEMPATH\Boot.php(67): CodeIgniter\Boot::runCodeIgniter(Object(CodeIgniter\CodeIgniter))
11 FCPATH\index.php(56): CodeIgniter\Boot::bootWeb(Object(Config\Paths))
12 SYSTEMPATH\rewrite.php(44): require_once('C:\\xampp\\htdocs\\projek_atletika\\public\\index.php')
INFO - 2025-01-01 03:06:26 --> Session: Class initialized using 'CodeIgniter\Session\Handlers\FileHandler' driver.
INFO - 2025-01-01 03:06:26 --> Session: Class initialized using 'CodeIgniter\Session\Handlers\FileHandler' driver.
INFO - 2025-01-01 03:08:59 --> Session: Class initialized using 'CodeIgniter\Session\Handlers\FileHandler' driver.
INFO - 2025-01-01 03:09:05 --> Session: Class initialized using 'CodeIgniter\Session\Handlers\FileHandler' driver.
INFO - 2025-01-01 03:10:24 --> Session: Class initialized using 'CodeIgniter\Session\Handlers\FileHandler' driver.
CRITICAL - 2025-01-01 03:10:27 --> ErrorException: Trying to access array offset on value of type null
[Method: GET, Route: supplier/edit/assets/demo/chart-area-demo.js]
in APPPATH\Views\supplier\form_edit.php on line 15.
 1 APPPATH\Views\supplier\form_edit.php(15): CodeIgniter\Debug\Exceptions->errorHandler(2, 'Trying to access array offset on value of type null', 'C:\\xampp\\htdocs\\projek_atletika\\app\\Views\\supplier\\form_edit.php', 15)
 2 SYSTEMPATH\View\View.php(234): include('C:\\xampp\\htdocs\\projek_atletika\\app\\Views\\supplier\\form_edit.php')
 3 SYSTEMPATH\View\View.php(237): CodeIgniter\View\View->CodeIgniter\View\{closure}()
 4 SYSTEMPATH\Common.php(1171): CodeIgniter\View\View->render('supplier/form_edit', [], true)
 5 APPPATH\Controllers\Supplier.php(61): view('supplier/form_edit', [...])
 6 SYSTEMPATH\CodeIgniter.php(933): App\Controllers\Supplier->edit('assets', 'demo', 'chart-area-demo.js')
 7 SYSTEMPATH\CodeIgniter.php(509): CodeIgniter\CodeIgniter->runController(Object(App\Controllers\Supplier))
 8 SYSTEMPATH\CodeIgniter.php(355): CodeIgniter\CodeIgniter->handleRequest(null, Object(Config\Cache), false)
 9 SYSTEMPATH\Boot.php(325): CodeIgniter\CodeIgniter->run()
10 SYSTEMPATH\Boot.php(67): CodeIgniter\Boot::runCodeIgniter(Object(CodeIgniter\CodeIgniter))
11 FCPATH\index.php(56): CodeIgniter\Boot::bootWeb(Object(Config\Paths))
12 SYSTEMPATH\rewrite.php(44): require_once('C:\\xampp\\htdocs\\projek_atletika\\public\\index.php')
CRITICAL - 2025-01-01 03:10:35 --> ErrorException: Trying to access array offset on value of type null
[Method: GET, Route: supplier/edit/assets/demo/chart-area-demo.js]
in APPPATH\Views\supplier\form_edit.php on line 15.
 1 APPPATH\Views\supplier\form_edit.php(15): CodeIgniter\Debug\Exceptions->errorHandler(2, 'Trying to access array offset on value of type null', 'C:\\xampp\\htdocs\\projek_atletika\\app\\Views\\supplier\\form_edit.php', 15)
 2 SYSTEMPATH\View\View.php(234): include('C:\\xampp\\htdocs\\projek_atletika\\app\\Views\\supplier\\form_edit.php')
 3 SYSTEMPATH\View\View.php(237): CodeIgniter\View\View->CodeIgniter\View\{closure}()
 4 SYSTEMPATH\Common.php(1171): CodeIgniter\View\View->render('supplier/form_edit', [], true)
 5 APPPATH\Controllers\Supplier.php(61): view('supplier/form_edit', [...])
 6 SYSTEMPATH\CodeIgniter.php(933): App\Controllers\Supplier->edit('assets', 'demo', 'chart-area-demo.js')
 7 SYSTEMPATH\CodeIgniter.php(509): CodeIgniter\CodeIgniter->runController(Object(App\Controllers\Supplier))
 8 SYSTEMPATH\CodeIgniter.php(355): CodeIgniter\CodeIgniter->handleRequest(null, Object(Config\Cache), false)
 9 SYSTEMPATH\Boot.php(325): CodeIgniter\CodeIgniter->run()
10 SYSTEMPATH\Boot.php(67): CodeIgniter\Boot::runCodeIgniter(Object(CodeIgniter\CodeIgniter))
11 FCPATH\index.php(56): CodeIgniter\Boot::bootWeb(Object(Config\Paths))
12 SYSTEMPATH\rewrite.php(44): require_once('C:\\xampp\\htdocs\\projek_atletika\\public\\index.php')
INFO - 2025-01-01 03:11:13 --> Session: Class initialized using 'CodeIgniter\Session\Handlers\FileHandler' driver.
INFO - 2025-01-01 03:11:13 --> Session: Class initialized using 'CodeIgniter\Session\Handlers\FileHandler' driver.
INFO - 2025-01-01 03:11:30 --> Session: Class initialized using 'CodeIgniter\Session\Handlers\FileHandler' driver.
INFO - 2025-01-01 03:11:37 --> Session: Class initialized using 'CodeIgniter\Session\Handlers\FileHandler' driver.
INFO - 2025-01-01 03:11:53 --> Session: Class initialized using 'CodeIgniter\Session\Handlers\FileHandler' driver.
INFO - 2025-01-01 03:11:58 --> Session: Class initialized using 'CodeIgniter\Session\Handlers\FileHandler' driver.
